tracker.opentrackr.org
retracker.lanta-net.ru
tracker.openbittorrent.com
9.rarbg.com
9.rarbg.to
9.rarbg.me
opentracker.i2p.rocks
tracker.openbittorrent.com
open.stealth.si
tracker2.dler.org
tracker1.bt.moack.co.kr
tracker.torrent.eu.org
tracker.tiny-vps.com
tracker.theoks.net
tracker.skynetcloud.site
tracker.publictracker.xyz
tracker.monitorit4.me
tracker.moeking.me
tracker.lelux.fi
tracker.dler.org
tracker.altrosky.nl
tracker-udp.gbitt.info
public.tracker.vraphim.com
p4p.arenabg.com
open.demonii.com
movies.zsw.ca
ipv4.tracker.harry.lu
free.publictracker.xyz
fe.dealclub.de
explodie.org
exodus.desync.com
6ahddutb1ucc3cp.ru
tracker2.ctix.cn
tracker1.520.jp
tracker.tamersunion.org
tracker.lilithraws.org
tracker.lelux.fi
tracker.imgoingto.icu
tracker.gbitt.info
tr.burnabyhighstar.com
vps02.net.orel.ru
tracker2.dler.org
tracker1.bt.moack.co.kr
tracker.mywaifu.best
tracker.lelux.fi
tracker.gbitt.info
tracker.dler.org
tracker.bt4g.com
open.acgnxtracker.com
bt.okmp3.ru
zecircle.xyz
www.peckservers.com
wepzone.net
v2.iperson.xyz
v1046920.hosted-by-vdsina.ru
uploads.gamecoast.net
trackerb.jonaslsa.com
tracker1.myporn.club
tracker.srv00.com
tracker.qu.ax
tracker.pimpmyworld.to
tracker.leech.ie
tracker.joybomb.tw
tracker.jonaslsa.com
tracker.filemail.com
tracker.ddunlimited.net
tracker.cubonegro.xyz
tracker.bitsearch.to
tracker.auctor.tv
tracker.artixlinux.org
tracker.4.babico.name.tr
tr.bangumi.moe
torrents.artixlinux.org
thouvenin.cloud
thagoat.rocks
tamas3.ynh.fr
stargrave.org
slicie.icon256.com
sanincode.com
run.publictracker.xyz
run-2.publictracker.xyz
rep-art.ynh.fr
psyco.fr
private.anonseed.com
open.tracker.ink
open.dstud.io
open.4ever.tk
new-line.net
moonburrow.club
mirror.aptus.co.tz
mail.artixlinux.org
laze.cc
htz3.noho.st
fh2.cmp-gaming.com
epider.me
download.nerocloud.me
cutscloud.duckdns.org
creative.7o7.cx
concen.org
chouchou.top
carr.codes
camera.lei001.com
bt2.archive.org
bt1.archive.org
bt.ktrackers.com
black-bird.ynh.fr
bedro.cloud
astrr.ru
aegir.sexy
admin.52ywp.com
acxx.de
aarsen.me
tracker.moeblog.cn
tracker.mlsub.net
tracker.kuroy.me
tracker.foreverpirates.co
tracker.expli.top
t1.hloli.org
wepzone.net
tracker3.ctix.cn
tracker.skyts.net
tracker.qu.ax
tracker.edkj.club
t.acg.rip
parag.rs
open.tracker.ink
incine.ru
fosstorrents.com
tracker.fatkhoala.org
tracker.thinelephant.org
router.utorrent.com
router.bittorrent.com
dht.transmissionbt.com
router.bitcomet.com
dht.aelitis.com
nyaa.tracker.wf
tracker.slowcheetah.org
tracker.breizh.pm
tracker2.dler.com
tracker.tallpenguin.org
torrent.eu.org
www.torrent.eu.org
tracker.internetwarriors.net
tracker.bittor.pw
tr.ready4.icu
tracker.ccp.ovh
tracker.arcbox.cc
opentracker.io
tracker.loligirl.cn
torrent-tracker.hama3.net
public.publictracker.xyz
bt.endpot.com
bt1.letpo.com
montreal.nyap2p.com
dht.dhtclub.com
sukebei.tracker.wf
46.148.18.250
smrsh.net
opentor.org
trackerfix.com
coppersurfer.tk
glotorrents.pw
share.camoe.cn
tracker.renfei.net
1337.abcvg.info
208.83.20.20
retracker01-msk-virt.corbina.net
tracker.netmap.top
tracker.0x7c0.com
tracker.dump.cl
open.free-tracker.ga
isk.richardsw.club
tracker.ololosh.space
tracker.therarbg.to
p2p.publictracker.xyz
p2p.publictracker.xyz
evan.im
tracker.bjut.jp
tracker.valete.tf
udp.tracker.projectk.org
tracker.kmzs123.cn
ns3109441.mypdns.org
d40969.acod.regrucolo.ru
tracker.privateseedbox.xyz
tracker.fnix.net
martin-gebhardt.eu
tr.zukizuki.org
tracker.yemekyedim.com
tracker.aburaya.live
retracker.lanta.me
tracker.dler.com
bandito.byterunner.io
tracker.gigantino.net
tracker.darkness.services
tracker.leechshield.link
taciturn-shadow.spb.ru
tracker.tryhackx.org
tracker.gmi.gd
tracker.zhuqiy.top
tracker.yume-hatsuyuki.moe
tracker.ghostchu-services.top
tr4ck3r.duckdns.org
torrent.hificode.in
ttk2.nbaonlineservice.com
anidex.moe
btracker.top
tracker.corpscorp.online
t.overflow.biz
1c.premierzal.ru
static.nyap2p.com
6.pocketnet.app
tracker.pmman.tech
bittorrent-tracker.e-n-c-r-y-p-t.net
tracker1.itzmx.com
blackz.ro
opentrackr.org
torrent-team.net
93.158.213.92
185.230.4.150
tracker.gcrenwp.top
